[INFO][2019-08-15 17:23:01][handle.go:32][his][DataSyncService][DataSync][DataSync handle Setup , read config .]
[INFO][2019-08-15 17:23:01][handle.go:40][his][DataSyncService][DataSync][DataSync handle work.]
[INFO][2019-08-15 17:23:01][handle.go:102][his][DataSyncService][DataSync][tableColumnsMap : {"category":"text","creator":"text","creatortime":"int8","description":"text","modifier":"text","modifytime":"int8","parameters":"text","planid":"int4","planname":"text","planstatus":"int4","priority":"int4","sourcefilter":"text","sourcenodes":"text","sourcetype":"int8","testtypeid":"int8"}]
[INFO][2019-08-15 17:23:01][handle.go:122][his][DataSyncService][DataSync][FULL handle , Source tableName : testplan , totalCount : 117275 ]
[INFO][2019-08-15 17:23:01][handle.go:123][his][DataSyncService][DataSync][FULL handle , Destination tableName : testplan , totalCount : 0]
[INFO][2019-08-15 17:23:01][handle.go:128][his][DataSyncService][DataSync][Paging query . start : 0,num : 20000. handled : 0 .]
[INFO][2019-08-15 17:23:02][handle.go:214][his][DataSyncService][DataSync][[planname parameters sourcenodes planid description priority modifytime planstatus category sourcetype creatortime sourcefilter testtypeid creator modifier]]
[INFO][2019-08-15 17:23:02][handle.go:276][his][DataSyncService][DataSync][insertExec Count : 20000 ]
[INFO][2019-08-15 17:23:04][handle.go:128][his][DataSyncService][DataSync][Paging query . start : 20000,num : 20000. handled : 20000 .]
[INFO][2019-08-15 17:23:05][handle.go:214][his][DataSyncService][DataSync][[creator creatortime modifytime planstatus parameters sourcenodes sourcefilter planid planname description testtypeid sourcetype modifier category priority]]
[INFO][2019-08-15 17:23:05][handle.go:276][his][DataSyncService][DataSync][insertExec Count : 20000 ]
[INFO][2019-08-15 17:23:08][handle.go:128][his][DataSyncService][DataSync][Paging query . start : 40000,num : 20000. handled : 40000 .]
[INFO][2019-08-15 17:23:09][handle.go:214][his][DataSyncService][DataSync][[priority sourcenodes creator planstatus description sourcetype parameters modifier modifytime testtypeid category creatortime sourcefilter planid planname]]
[INFO][2019-08-15 17:23:09][handle.go:276][his][DataSyncService][DataSync][insertExec Count : 20000 ]
[INFO][2019-08-15 17:23:12][handle.go:128][his][DataSyncService][DataSync][Paging query . start : 60000,num : 20000. handled : 60000 .]
[INFO][2019-08-15 17:23:12][handle.go:214][his][DataSyncService][DataSync][[modifytime priority testtypeid sourcenodes sourcefilter parameters planid description planstatus category creatortime creator modifier planname sourcetype]]
[INFO][2019-08-15 17:23:12][handle.go:276][his][DataSyncService][DataSync][insertExec Count : 20000 ]
[INFO][2019-08-15 17:23:15][handle.go:128][his][DataSyncService][DataSync][Paging query . start : 80000,num : 20000. handled : 80000 .]
[INFO][2019-08-15 17:23:17][handle.go:214][his][DataSyncService][DataSync][[planid category sourcetype planstatus creatortime description creator parameters planname testtypeid modifier modifytime priority sourcenodes sourcefilter]]
[INFO][2019-08-15 17:23:17][handle.go:276][his][DataSyncService][DataSync][insertExec Count : 20000 ]
[INFO][2019-08-15 17:23:20][handle.go:128][his][DataSyncService][DataSync][Paging query . start : 100000,num : 20000. handled : 100000 .]
[INFO][2019-08-15 17:23:20][handle.go:214][his][DataSyncService][DataSync][[category modifytime priority testtypeid sourcefilter parameters planid planname description planstatus sourcenodes sourcetype creator modifier creatortime]]
[INFO][2019-08-15 17:23:20][handle.go:276][his][DataSyncService][DataSync][insertExec Count : 17275 ]
[INFO][2019-08-15 17:25:12][handle.go:32][his][DataSyncService][DataSync][DataSync handle Setup , read config .]
[INFO][2019-08-15 17:25:12][handle.go:40][his][DataSyncService][DataSync][DataSync handle work.]
[INFO][2019-08-15 17:25:12][handle.go:102][his][DataSyncService][DataSync][tableColumnsMap : {"category":"text","creator":"text","creatortime":"int8","description":"text","modifier":"text","modifytime":"int8","parameters":"text","planid":"int4","planname":"text","planstatus":"int4","priority":"int4","sourcefilter":"text","sourcenodes":"text","sourcetype":"int8","testtypeid":"int8"}]
[INFO][2019-08-15 17:25:15][handle.go:122][his][DataSyncService][DataSync][FULL handle , Source tableName : testplan , totalCount : 117275 ]
[INFO][2019-08-15 17:25:15][handle.go:123][his][DataSyncService][DataSync][FULL handle , Destination tableName : testplan , totalCount : 117275]
[INFO][2019-08-15 17:25:15][handle.go:128][his][DataSyncService][DataSync][Paging query . start : 0,num : 20000. handled : 0 .]
[INFO][2019-08-15 17:25:24][handle.go:128][his][DataSyncService][DataSync][Paging query . start : 20000,num : 20000. handled : 20000 .]
[INFO][2019-08-15 17:25:33][handle.go:128][his][DataSyncService][DataSync][Paging query . start : 40000,num : 20000. handled : 40000 .]
[INFO][2019-08-15 17:25:42][handle.go:128][his][DataSyncService][DataSync][Paging query . start : 60000,num : 20000. handled : 60000 .]
[INFO][2019-08-15 17:25:51][handle.go:128][his][DataSyncService][DataSync][Paging query . start : 80000,num : 20000. handled : 80000 .]
[INFO][2019-08-15 17:26:01][handle.go:128][his][DataSyncService][DataSync][Paging query . start : 100000,num : 20000. handled : 100000 .]
[INFO][2019-08-15 17:27:06][handle.go:32][his][DataSyncService][DataSync][DataSync handle Setup , read config .]
[INFO][2019-08-15 17:27:06][handle.go:40][his][DataSyncService][DataSync][DataSync handle work.]
[INFO][2019-08-15 17:27:06][handle.go:102][his][DataSyncService][DataSync][tableColumnsMap : {"category":"text","creator":"text","creatortime":"int8","description":"text","modifier":"text","modifytime":"int8","parameters":"text","planid":"int4","planname":"text","planstatus":"int4","priority":"int4","sourcefilter":"text","sourcenodes":"text","sourcetype":"int8","testtypeid":"int8"}]
[INFO][2019-08-15 17:27:06][handle.go:122][his][DataSyncService][DataSync][FULL handle , Source tableName : testplan , totalCount : 117275 ]
[INFO][2019-08-15 17:27:06][handle.go:123][his][DataSyncService][DataSync][FULL handle , Destination tableName : testplan , totalCount : 0]
[INFO][2019-08-15 17:27:06][handle.go:128][his][DataSyncService][DataSync][Paging query . start : 0,num : 20000. handled : 0 .]
[INFO][2019-08-15 17:27:07][handle.go:276][his][DataSyncService][DataSync][insertExec Count : 20000 ]
[INFO][2019-08-15 17:27:09][handle.go:128][his][DataSyncService][DataSync][Paging query . start : 20000,num : 20000. handled : 20000 .]
[INFO][2019-08-15 17:27:10][handle.go:276][his][DataSyncService][DataSync][insertExec Count : 20000 ]
[INFO][2019-08-15 17:27:12][handle.go:128][his][DataSyncService][DataSync][Paging query . start : 40000,num : 20000. handled : 40000 .]
[INFO][2019-08-15 17:27:12][handle.go:276][his][DataSyncService][DataSync][insertExec Count : 20000 ]
[INFO][2019-08-15 17:27:15][handle.go:128][his][DataSyncService][DataSync][Paging query . start : 60000,num : 20000. handled : 60000 .]
[INFO][2019-08-15 17:27:15][handle.go:276][his][DataSyncService][DataSync][insertExec Count : 20000 ]
[INFO][2019-08-15 17:27:18][handle.go:128][his][DataSyncService][DataSync][Paging query . start : 80000,num : 20000. handled : 80000 .]
[INFO][2019-08-15 17:27:18][handle.go:276][his][DataSyncService][DataSync][insertExec Count : 20000 ]
[INFO][2019-08-15 17:27:21][handle.go:128][his][DataSyncService][DataSync][Paging query . start : 100000,num : 20000. handled : 100000 .]
[INFO][2019-08-15 17:27:21][handle.go:276][his][DataSyncService][DataSync][insertExec Count : 17275 ]
[INFO][2019-08-15 17:29:07][handle.go:32][his][DataSyncService][DataSync][DataSync handle Setup , read config .]
[INFO][2019-08-15 17:29:07][handle.go:40][his][DataSyncService][DataSync][DataSync handle work.]
[INFO][2019-08-15 17:29:07][handle.go:102][his][DataSyncService][DataSync][tableColumnsMap : {"category":"text","creator":"text","creatortime":"int8","description":"text","modifier":"text","modifytime":"int8","parameters":"text","planid":"int4","planname":"text","planstatus":"int4","priority":"int4","sourcefilter":"text","sourcenodes":"text","sourcetype":"int8","testtypeid":"int8"}]
[INFO][2019-08-15 17:29:10][handle.go:122][his][DataSyncService][DataSync][FULL handle , Source tableName : testplan , totalCount : 117275 ]
[INFO][2019-08-15 17:29:10][handle.go:123][his][DataSyncService][DataSync][FULL handle , Destination tableName : testplan , totalCount : 117275]
[INFO][2019-08-15 17:29:10][handle.go:128][his][DataSyncService][DataSync][Paging query . start : 0,num : 20000. handled : 0 .]
[INFO][2019-08-15 17:29:19][handle.go:128][his][DataSyncService][DataSync][Paging query . start : 20000,num : 20000. handled : 20000 .]
[INFO][2019-08-15 17:29:27][handle.go:128][his][DataSyncService][DataSync][Paging query . start : 40000,num : 20000. handled : 40000 .]
[INFO][2019-08-15 17:29:36][handle.go:128][his][DataSyncService][DataSync][Paging query . start : 60000,num : 20000. handled : 60000 .]
[INFO][2019-08-15 17:29:45][handle.go:128][his][DataSyncService][DataSync][Paging query . start : 80000,num : 20000. handled : 80000 .]
[INFO][2019-08-15 17:29:54][handle.go:128][his][DataSyncService][DataSync][Paging query . start : 100000,num : 20000. handled : 100000 .]
[INFO][2019-08-15 17:33:32][handle.go:32][his][DataSyncService][DataSync][DataSync handle Setup , read config .]
[INFO][2019-08-15 17:33:32][handle.go:40][his][DataSyncService][DataSync][DataSync handle work.]
[INFO][2019-08-15 17:33:32][handle.go:102][his][DataSyncService][DataSync][tableColumnsMap : {"category":"text","creator":"text","creatortime":"int8","description":"text","modifier":"text","modifytime":"int8","parameters":"text","planid":"int4","planname":"text","planstatus":"int4","priority":"int4","sourcefilter":"text","sourcenodes":"text","sourcetype":"int8","testtypeid":"int8"}]
[INFO][2019-08-15 17:33:32][handle.go:122][his][DataSyncService][DataSync][FULL handle , Source tableName : testplan , totalCount : 117275 ]
[INFO][2019-08-15 17:33:32][handle.go:123][his][DataSyncService][DataSync][FULL handle , Destination tableName : testplan , totalCount : 0]
[INFO][2019-08-15 17:33:32][handle.go:128][his][DataSyncService][DataSync][Paging query . start : 0,num : 20000. handled : 0 .]
[INFO][2019-08-15 17:33:32][handle.go:276][his][DataSyncService][DataSync][insertExec Count : 20000 ]
[INFO][2019-08-15 17:33:35][handle.go:128][his][DataSyncService][DataSync][Paging query . start : 20000,num : 20000. handled : 20000 .]
[INFO][2019-08-15 17:33:35][handle.go:276][his][DataSyncService][DataSync][insertExec Count : 20000 ]
[INFO][2019-08-15 17:33:37][handle.go:128][his][DataSyncService][DataSync][Paging query . start : 40000,num : 20000. handled : 40000 .]
[INFO][2019-08-15 17:33:37][handle.go:276][his][DataSyncService][DataSync][insertExec Count : 20000 ]
[INFO][2019-08-15 17:33:40][handle.go:128][his][DataSyncService][DataSync][Paging query . start : 60000,num : 20000. handled : 60000 .]
[INFO][2019-08-15 17:33:40][handle.go:276][his][DataSyncService][DataSync][insertExec Count : 20000 ]
[INFO][2019-08-15 17:33:42][handle.go:128][his][DataSyncService][DataSync][Paging query . start : 80000,num : 20000. handled : 80000 .]
[INFO][2019-08-15 17:33:43][handle.go:276][his][DataSyncService][DataSync][insertExec Count : 20000 ]
[INFO][2019-08-15 17:33:45][handle.go:128][his][DataSyncService][DataSync][Paging query . start : 100000,num : 20000. handled : 100000 .]
[INFO][2019-08-15 17:33:46][handle.go:276][his][DataSyncService][DataSync][insertExec Count : 17275 ]
